Arguments: 
  /Users/egortalovikov/.nvm/versions/node/v18.12.1/bin/node /Users/egortalovikov/.nvm/versions/node/v18.12.1/bin/yarn add axios dotenv express fs-extra google-spreadsheet

PATH: 
  /Users/egortalovikov/.nvm/versions/node/v18.12.1/bin:/Users/egortalovikov/.nvm/versions/node/v8.0.0/bin:/opt/homebrew/bin:/opt/homebrew/sbin:/usr/local/bin:/System/Cryptexes/App/usr/bin:/usr/bin:/bin:/usr/sbin:/sbin:/Library/Apple/usr/bin:/Users/egortalovikov/.nvm/versions/node/v8.0.0/bin:/opt/homebrew/bin:/opt/homebrew/sbin

Yarn version: 
  1.22.19

Node version: 
  18.12.1

Platform: 
  darwin arm64

Trace: 
  Error: https://npm.prakticum-team.ru/axios: authorization required to access package axios
      at params.callback [as _callback] (/Users/egortalovikov/.nvm/versions/node/v18.12.1/lib/node_modules/yarn/lib/cli.js:66145:18)
      at self.callback (/Users/egortalovikov/.nvm/versions/node/v18.12.1/lib/node_modules/yarn/lib/cli.js:140890:22)
      at Request.emit (node:events:513:28)
      at Request.<anonymous> (/Users/egortalovikov/.nvm/versions/node/v18.12.1/lib/node_modules/yarn/lib/cli.js:141862:10)
      at Request.emit (node:events:513:28)
      at IncomingMessage.<anonymous> (/Users/egortalovikov/.nvm/versions/node/v18.12.1/lib/node_modules/yarn/lib/cli.js:141784:12)
      at Object.onceWrapper (node:events:627:28)
      at IncomingMessage.emit (node:events:525:35)
      at endReadableNT (node:internal/streams/readable:1359:12)
      at process.processTicksAndRejections (node:internal/process/task_queues:82:21)

npm manifest: 
  {
    "name": "telegram-bot-server",
    "version": "1.0.0",
    "main": "index.js",
    "license": "MIT",
    "private": true
  }

yarn manifest: 
  No manifest

Lockfile: 
  No lockfile
